 [LOGGER] 2024-05-14 11:15:18.061 PM ERROR : ress is not defined
 [LOGGER] 2024-05-14 11:16:08.453 PM ERROR : ress is not defined
 [LOGGER] 2024-05-14 11:16:08.457 PM ERROR : ReferenceError: ress is not defined
    at register (file:///D:/belajar/gamelab/capstone%20project/src/controller/user-controller.js:5:9)
    at Layer.handle [as handle_request] (D:\belajar\gamelab\capstone project\node_modules\express\lib\router\layer.js:95:5)
    at next (D:\belajar\gamelab\capstone project\node_modules\express\lib\router\route.js:149:13)
    at Route.dispatch (D:\belajar\gamelab\capstone project\node_modules\express\lib\router\route.js:119:3)
    at Layer.handle [as handle_request] (D:\belajar\gamelab\capstone project\node_modules\express\lib\router\layer.js:95:5)
    at D:\belajar\gamelab\capstone project\node_modules\express\lib\router\index.js:284:15
    at Function.process_params (D:\belajar\gamelab\capstone project\node_modules\express\lib\router\index.js:346:12)
    at next (D:\belajar\gamelab\capstone project\node_modules\express\lib\router\index.js:280:10)
    at Function.handle (D:\belajar\gamelab\capstone project\node_modules\express\lib\router\index.js:175:3)
    at router (D:\belajar\gamelab\capstone project\node_modules\express\lib\router\index.js:47:12)
 [LOGGER] 2024-05-14 11:18:19.380 PM ERROR : ress is not defined
 [LOGGER] 2024-05-14 11:18:19.383 PM ERROR : ReferenceError: ress is not defined
    at register (file:///D:/belajar/gamelab/capstone%20project/src/controller/user-controller.js:5:9)
    at Layer.handle [as handle_request] (D:\belajar\gamelab\capstone project\node_modules\express\lib\router\layer.js:95:5)
    at next (D:\belajar\gamelab\capstone project\node_modules\express\lib\router\route.js:149:13)
    at Route.dispatch (D:\belajar\gamelab\capstone project\node_modules\express\lib\router\route.js:119:3)
    at Layer.handle [as handle_request] (D:\belajar\gamelab\capstone project\node_modules\express\lib\router\layer.js:95:5)
    at D:\belajar\gamelab\capstone project\node_modules\express\lib\router\index.js:284:15
    at Function.process_params (D:\belajar\gamelab\capstone project\node_modules\express\lib\router\index.js:346:12)
    at next (D:\belajar\gamelab\capstone project\node_modules\express\lib\router\index.js:280:10)
    at Function.handle (D:\belajar\gamelab\capstone project\node_modules\express\lib\router\index.js:175:3)
    at router (D:\belajar\gamelab\capstone project\node_modules\express\lib\router\index.js:47:12)
